running egg_info
writing ../../build/sesnor_pipeline_pkg/sesnor_pipeline_pkg.egg-info/PKG-INFO
writing dependency_links to ../../build/sesnor_pipeline_pkg/sesnor_pipeline_pkg.egg-info/dependency_links.txt
writing entry points to ../../build/sesnor_pipeline_pkg/sesnor_pipeline_pkg.egg-info/entry_points.txt
writing requirements to ../../build/sesnor_pipeline_pkg/sesnor_pipeline_pkg.egg-info/requires.txt
writing top-level names to ../../build/sesnor_pipeline_pkg/sesnor_pipeline_pkg.egg-info/top_level.txt
reading manifest file '../../build/sesnor_pipeline_pkg/sesnor_pipeline_pkg.egg-info/SOURCES.txt'
writing manifest file '../../build/sesnor_pipeline_pkg/sesnor_pipeline_pkg.egg-info/SOURCES.txt'
running build
running build_py
copying sesnor_pipeline_pkg/sensor_node.py -> /root/ros_ws/tasks/build/sesnor_pipeline_pkg/build/lib/sesnor_pipeline_pkg
running install
running install_lib
copying /root/ros_ws/tasks/build/sesnor_pipeline_pkg/build/lib/sesnor_pipeline_pkg/sensor_node.py -> /root/ros_ws/tasks/install/sesnor_pipeline_pkg/lib/python3.10/site-packages/sesnor_pipeline_pkg
byte-compiling /root/ros_ws/tasks/install/sesnor_pipeline_pkg/lib/python3.10/site-packages/sesnor_pipeline_pkg/sensor_node.py to sensor_node.cpython-310.pyc
running install_data
running install_egg_info
removing '/root/ros_ws/tasks/install/sesnor_pipeline_pkg/lib/python3.10/site-packages/sesnor_pipeline_pkg-0.0.0-py3.10.egg-info' (and everything under it)
Copying ../../build/sesnor_pipeline_pkg/sesnor_pipeline_pkg.egg-info to /root/ros_ws/tasks/install/sesnor_pipeline_pkg/lib/python3.10/site-packages/sesnor_pipeline_pkg-0.0.0-py3.10.egg-info
running install_scripts
Installing test_node script to /root/ros_ws/tasks/install/sesnor_pipeline_pkg/lib/sesnor_pipeline_pkg
writing list of installed files to '/root/ros_ws/tasks/build/sesnor_pipeline_pkg/install.log'
