/root/ros_ws/tasks/install/sesnor_pipeline_pkg/lib/python3.10/site-packages/sesnor_pipeline_pkg/__init__.py
/root/ros_ws/tasks/install/sesnor_pipeline_pkg/lib/python3.10/site-packages/sesnor_pipeline_pkg/logger_node.py
/root/ros_ws/tasks/install/sesnor_pipeline_pkg/lib/python3.10/site-packages/sesnor_pipeline_pkg/sensor_node.py
/root/ros_ws/tasks/install/sesnor_pipeline_pkg/lib/python3.10/site-packages/sesnor_pipeline_pkg/processor_node.py
/root/ros_ws/tasks/install/sesnor_pipeline_pkg/lib/python3.10/site-packages/sesnor_pipeline_pkg/__pycache__/__init__.cpython-310.pyc
/root/ros_ws/tasks/install/sesnor_pipeline_pkg/lib/python3.10/site-packages/sesnor_pipeline_pkg/__pycache__/logger_node.cpython-310.pyc
/root/ros_ws/tasks/install/sesnor_pipeline_pkg/lib/python3.10/site-packages/sesnor_pipeline_pkg/__pycache__/sensor_node.cpython-310.pyc
/root/ros_ws/tasks/install/sesnor_pipeline_pkg/lib/python3.10/site-packages/sesnor_pipeline_pkg/__pycache__/processor_node.cpython-310.pyc
/root/ros_ws/tasks/install/sesnor_pipeline_pkg/share/ament_index/resource_index/packages/sesnor_pipeline_pkg
/root/ros_ws/tasks/install/sesnor_pipeline_pkg/share/sesnor_pipeline_pkg/package.xml
/root/ros_ws/tasks/install/sesnor_pipeline_pkg/share/sesnor_pipeline_pkg/launch/sesnor_pipeline_pkg.launch.py
/root/ros_ws/tasks/install/sesnor_pipeline_pkg/lib/python3.10/site-packages/sesnor_pipeline_pkg-0.0.0-py3.10.egg-info/entry_points.txt
/root/ros_ws/tasks/install/sesnor_pipeline_pkg/lib/python3.10/site-packages/sesnor_pipeline_pkg-0.0.0-py3.10.egg-info/zip-safe
/root/ros_ws/tasks/install/sesnor_pipeline_pkg/lib/python3.10/site-packages/sesnor_pipeline_pkg-0.0.0-py3.10.egg-info/dependency_links.txt
/root/ros_ws/tasks/install/sesnor_pipeline_pkg/lib/python3.10/site-packages/sesnor_pipeline_pkg-0.0.0-py3.10.egg-info/PKG-INFO
/root/ros_ws/tasks/install/sesnor_pipeline_pkg/lib/python3.10/site-packages/sesnor_pipeline_pkg-0.0.0-py3.10.egg-info/requires.txt
/root/ros_ws/tasks/install/sesnor_pipeline_pkg/lib/python3.10/site-packages/sesnor_pipeline_pkg-0.0.0-py3.10.egg-info/SOURCES.txt
/root/ros_ws/tasks/install/sesnor_pipeline_pkg/lib/python3.10/site-packages/sesnor_pipeline_pkg-0.0.0-py3.10.egg-info/top_level.txt
/root/ros_ws/tasks/install/sesnor_pipeline_pkg/lib/sesnor_pipeline_pkg/test_node
/root/ros_ws/tasks/install/sesnor_pipeline_pkg/lib/sesnor_pipeline_pkg/test_node_2
/root/ros_ws/tasks/install/sesnor_pipeline_pkg/lib/sesnor_pipeline_pkg/test_node_3
