[0.321s] Invoking command in '/root/ros_ws/tasks/task3/src/action_demo_pkg': PYTHONPATH=/root/ros_ws/tasks/task3/build/action_demo_pkg/prefix_override:/usr/lib/python3/dist-packages/colcon_core/task/python/colcon_distutils_commands:/root/ros_ws/tasks/task3/install/action_demo_pkg/lib/python3.10/site-packages:${PYTHONPATH} /usr/bin/python3 -W ignore:setup.py install is deprecated -W ignore:easy_install command is deprecated setup.py egg_info --egg-base ../../build/action_demo_pkg build --build-base /root/ros_ws/tasks/task3/build/action_demo_pkg/build install --record /root/ros_ws/tasks/task3/build/action_demo_pkg/install.log --single-version-externally-managed install_data
[0.463s] running egg_info
[0.463s] writing ../../build/action_demo_pkg/action_demo_pkg.egg-info/PKG-INFO
[0.463s] writing dependency_links to ../../build/action_demo_pkg/action_demo_pkg.egg-info/dependency_links.txt
[0.463s] writing entry points to ../../build/action_demo_pkg/action_demo_pkg.egg-info/entry_points.txt
[0.463s] writing requirements to ../../build/action_demo_pkg/action_demo_pkg.egg-info/requires.txt
[0.464s] writing top-level names to ../../build/action_demo_pkg/action_demo_pkg.egg-info/top_level.txt
[0.464s] reading manifest file '../../build/action_demo_pkg/action_demo_pkg.egg-info/SOURCES.txt'
[0.465s] writing manifest file '../../build/action_demo_pkg/action_demo_pkg.egg-info/SOURCES.txt'
[0.465s] running build
[0.465s] running build_py
[0.465s] copying action_demo_pkg/goal_tracker_server.py -> /root/ros_ws/tasks/task3/build/action_demo_pkg/build/lib/action_demo_pkg
[0.465s] running install
[0.465s] running install_lib
[0.465s] copying /root/ros_ws/tasks/task3/build/action_demo_pkg/build/lib/action_demo_pkg/goal_tracker_server.py -> /root/ros_ws/tasks/task3/install/action_demo_pkg/lib/python3.10/site-packages/action_demo_pkg
[0.465s] byte-compiling /root/ros_ws/tasks/task3/install/action_demo_pkg/lib/python3.10/site-packages/action_demo_pkg/goal_tracker_server.py to goal_tracker_server.cpython-310.pyc
[0.466s] running install_data
[0.466s] running install_egg_info
[0.466s]   File "/root/ros_ws/tasks/task3/install/action_demo_pkg/lib/python3.10/site-packages/action_demo_pkg/goal_tracker_server.py", line 21
[0.466s]     		if msg
[0.466s]     		      ^
[0.466s] SyntaxError: expected ':'
[0.466s] 
[0.467s] removing '/root/ros_ws/tasks/task3/install/action_demo_pkg/lib/python3.10/site-packages/action_demo_pkg-0.0.0-py3.10.egg-info' (and everything under it)
[0.467s] Copying ../../build/action_demo_pkg/action_demo_pkg.egg-info to /root/ros_ws/tasks/task3/install/action_demo_pkg/lib/python3.10/site-packages/action_demo_pkg-0.0.0-py3.10.egg-info
[0.467s] running install_scripts
[0.479s] Installing test_node_1 script to /root/ros_ws/tasks/task3/install/action_demo_pkg/lib/action_demo_pkg
[0.479s] Installing test_node_2 script to /root/ros_ws/tasks/task3/install/action_demo_pkg/lib/action_demo_pkg
[0.479s] writing list of installed files to '/root/ros_ws/tasks/task3/build/action_demo_pkg/install.log'
[0.492s] Invoked command in '/root/ros_ws/tasks/task3/src/action_demo_pkg' returned '0': PYTHONPATH=/root/ros_ws/tasks/task3/build/action_demo_pkg/prefix_override:/usr/lib/python3/dist-packages/colcon_core/task/python/colcon_distutils_commands:/root/ros_ws/tasks/task3/install/action_demo_pkg/lib/python3.10/site-packages:${PYTHONPATH} /usr/bin/python3 -W ignore:setup.py install is deprecated -W ignore:easy_install command is deprecated setup.py egg_info --egg-base ../../build/action_demo_pkg build --build-base /root/ros_ws/tasks/task3/build/action_demo_pkg/build install --record /root/ros_ws/tasks/task3/build/action_demo_pkg/install.log --single-version-externally-managed install_data
