running egg_info
writing ../../build/action_demo_pkg/action_demo_pkg.egg-info/PKG-INFO
writing dependency_links to ../../build/action_demo_pkg/action_demo_pkg.egg-info/dependency_links.txt
writing entry points to ../../build/action_demo_pkg/action_demo_pkg.egg-info/entry_points.txt
writing requirements to ../../build/action_demo_pkg/action_demo_pkg.egg-info/requires.txt
writing top-level names to ../../build/action_demo_pkg/action_demo_pkg.egg-info/top_level.txt
reading manifest file '../../build/action_demo_pkg/action_demo_pkg.egg-info/SOURCES.txt'
writing manifest file '../../build/action_demo_pkg/action_demo_pkg.egg-info/SOURCES.txt'
running build
running build_py
copying action_demo_pkg/goal_client.py -> /root/ros_ws/tasks/task3/build/action_demo_pkg/build/lib/action_demo_pkg
running install
running install_lib
copying /root/ros_ws/tasks/task3/build/action_demo_pkg/build/lib/action_demo_pkg/goal_client.py -> /root/ros_ws/tasks/task3/install/action_demo_pkg/lib/python3.10/site-packages/action_demo_pkg
byte-compiling /root/ros_ws/tasks/task3/install/action_demo_pkg/lib/python3.10/site-packages/action_demo_pkg/goal_client.py to goal_client.cpython-310.pyc
running install_data
running install_egg_info
removing '/root/ros_ws/tasks/task3/install/action_demo_pkg/lib/python3.10/site-packages/action_demo_pkg-0.0.0-py3.10.egg-info' (and everything under it)
Copying ../../build/action_demo_pkg/action_demo_pkg.egg-info to /root/ros_ws/tasks/task3/install/action_demo_pkg/lib/python3.10/site-packages/action_demo_pkg-0.0.0-py3.10.egg-info
running install_scripts
Installing test_node_1 script to /root/ros_ws/tasks/task3/install/action_demo_pkg/lib/action_demo_pkg
Installing test_node_2 script to /root/ros_ws/tasks/task3/install/action_demo_pkg/lib/action_demo_pkg
writing list of installed files to '/root/ros_ws/tasks/task3/build/action_demo_pkg/install.log'
