running egg_info
creating ../../build/action_demo_pkg/action_demo_pkg.egg-info
writing ../../build/action_demo_pkg/action_demo_pkg.egg-info/PKG-INFO
writing dependency_links to ../../build/action_demo_pkg/action_demo_pkg.egg-info/dependency_links.txt
writing entry points to ../../build/action_demo_pkg/action_demo_pkg.egg-info/entry_points.txt
writing requirements to ../../build/action_demo_pkg/action_demo_pkg.egg-info/requires.txt
writing top-level names to ../../build/action_demo_pkg/action_demo_pkg.egg-info/top_level.txt
writing manifest file '../../build/action_demo_pkg/action_demo_pkg.egg-info/SOURCES.txt'
reading manifest file '../../build/action_demo_pkg/action_demo_pkg.egg-info/SOURCES.txt'
writing manifest file '../../build/action_demo_pkg/action_demo_pkg.egg-info/SOURCES.txt'
running build
running build_py
creating /root/ros_ws/tasks/task3/build/action_demo_pkg/build
creating /root/ros_ws/tasks/task3/build/action_demo_pkg/build/lib
creating /root/ros_ws/tasks/task3/build/action_demo_pkg/build/lib/action_demo_pkg
copying action_demo_pkg/__init__.py -> /root/ros_ws/tasks/task3/build/action_demo_pkg/build/lib/action_demo_pkg
copying action_demo_pkg/goal_tracker_server.py -> /root/ros_ws/tasks/task3/build/action_demo_pkg/build/lib/action_demo_pkg
copying action_demo_pkg/goal_client.py -> /root/ros_ws/tasks/task3/build/action_demo_pkg/build/lib/action_demo_pkg
running install
running install_lib
creating /root/ros_ws/tasks/task3/install/action_demo_pkg/lib/python3.10/site-packages/action_demo_pkg
copying /root/ros_ws/tasks/task3/build/action_demo_pkg/build/lib/action_demo_pkg/__init__.py -> /root/ros_ws/tasks/task3/install/action_demo_pkg/lib/python3.10/site-packages/action_demo_pkg
copying /root/ros_ws/tasks/task3/build/action_demo_pkg/build/lib/action_demo_pkg/goal_tracker_server.py -> /root/ros_ws/tasks/task3/install/action_demo_pkg/lib/python3.10/site-packages/action_demo_pkg
copying /root/ros_ws/tasks/task3/build/action_demo_pkg/build/lib/action_demo_pkg/goal_client.py -> /root/ros_ws/tasks/task3/install/action_demo_pkg/lib/python3.10/site-packages/action_demo_pkg
byte-compiling /root/ros_ws/tasks/task3/install/action_demo_pkg/lib/python3.10/site-packages/action_demo_pkg/__init__.py to __init__.cpython-310.pyc
byte-compiling /root/ros_ws/tasks/task3/install/action_demo_pkg/lib/python3.10/site-packages/action_demo_pkg/goal_tracker_server.py to goal_tracker_server.cpython-310.pyc
byte-compiling /root/ros_ws/tasks/task3/install/action_demo_pkg/lib/python3.10/site-packages/action_demo_pkg/goal_client.py to goal_client.cpython-310.pyc
running install_data
creating /root/ros_ws/tasks/task3/install/action_demo_pkg/share/ament_index
creating /root/ros_ws/tasks/task3/install/action_demo_pkg/share/ament_index/resource_index
creating /root/ros_ws/tasks/task3/install/action_demo_pkg/share/ament_index/resource_index/packages
copying resource/action_demo_pkg -> /root/ros_ws/tasks/task3/install/action_demo_pkg/share/ament_index/resource_index/packages
copying package.xml -> /root/ros_ws/tasks/task3/install/action_demo_pkg/share/action_demo_pkg
running install_egg_info
Copying ../../build/action_demo_pkg/action_demo_pkg.egg-info to /root/ros_ws/tasks/task3/install/action_demo_pkg/lib/python3.10/site-packages/action_demo_pkg-0.0.0-py3.10.egg-info
running install_scripts
Installing test_node_1 script to /root/ros_ws/tasks/task3/install/action_demo_pkg/lib/action_demo_pkg
Installing test_node_2 script to /root/ros_ws/tasks/task3/install/action_demo_pkg/lib/action_demo_pkg
writing list of installed files to '/root/ros_ws/tasks/task3/build/action_demo_pkg/install.log'
