[0.310s] Invoking command in '/root/ros_ws/tasks/task3/src/action_demo_pkg': PYTHONPATH=/root/ros_ws/tasks/task3/build/action_demo_pkg/prefix_override:/usr/lib/python3/dist-packages/colcon_core/task/python/colcon_distutils_commands:/root/ros_ws/tasks/task3/install/action_demo_pkg/lib/python3.10/site-packages:${PYTHONPATH} /usr/bin/python3 -W ignore:setup.py install is deprecated -W ignore:easy_install command is deprecated setup.py egg_info --egg-base ../../build/action_demo_pkg build --build-base /root/ros_ws/tasks/task3/build/action_demo_pkg/build install --record /root/ros_ws/tasks/task3/build/action_demo_pkg/install.log --single-version-externally-managed install_data
[0.434s] running egg_info
[0.434s] creating ../../build/action_demo_pkg/action_demo_pkg.egg-info
[0.435s] writing ../../build/action_demo_pkg/action_demo_pkg.egg-info/PKG-INFO
[0.435s] writing dependency_links to ../../build/action_demo_pkg/action_demo_pkg.egg-info/dependency_links.txt
[0.435s] writing entry points to ../../build/action_demo_pkg/action_demo_pkg.egg-info/entry_points.txt
[0.435s] writing requirements to ../../build/action_demo_pkg/action_demo_pkg.egg-info/requires.txt
[0.435s] writing top-level names to ../../build/action_demo_pkg/action_demo_pkg.egg-info/top_level.txt
[0.435s] writing manifest file '../../build/action_demo_pkg/action_demo_pkg.egg-info/SOURCES.txt'
[0.436s] reading manifest file '../../build/action_demo_pkg/action_demo_pkg.egg-info/SOURCES.txt'
[0.436s] writing manifest file '../../build/action_demo_pkg/action_demo_pkg.egg-info/SOURCES.txt'
[0.436s] running build
[0.436s] running build_py
[0.436s] creating /root/ros_ws/tasks/task3/build/action_demo_pkg/build
[0.436s] creating /root/ros_ws/tasks/task3/build/action_demo_pkg/build/lib
[0.436s] creating /root/ros_ws/tasks/task3/build/action_demo_pkg/build/lib/action_demo_pkg
[0.436s] copying action_demo_pkg/__init__.py -> /root/ros_ws/tasks/task3/build/action_demo_pkg/build/lib/action_demo_pkg
[0.436s] copying action_demo_pkg/goal_tracker_server.py -> /root/ros_ws/tasks/task3/build/action_demo_pkg/build/lib/action_demo_pkg
[0.436s] copying action_demo_pkg/goal_client.py -> /root/ros_ws/tasks/task3/build/action_demo_pkg/build/lib/action_demo_pkg
[0.436s] running install
[0.437s] running install_lib
[0.437s] creating /root/ros_ws/tasks/task3/install/action_demo_pkg/lib/python3.10/site-packages/action_demo_pkg
[0.437s] copying /root/ros_ws/tasks/task3/build/action_demo_pkg/build/lib/action_demo_pkg/__init__.py -> /root/ros_ws/tasks/task3/install/action_demo_pkg/lib/python3.10/site-packages/action_demo_pkg
[0.437s] copying /root/ros_ws/tasks/task3/build/action_demo_pkg/build/lib/action_demo_pkg/goal_tracker_server.py -> /root/ros_ws/tasks/task3/install/action_demo_pkg/lib/python3.10/site-packages/action_demo_pkg
[0.437s] copying /root/ros_ws/tasks/task3/build/action_demo_pkg/build/lib/action_demo_pkg/goal_client.py -> /root/ros_ws/tasks/task3/install/action_demo_pkg/lib/python3.10/site-packages/action_demo_pkg
[0.437s] byte-compiling /root/ros_ws/tasks/task3/install/action_demo_pkg/lib/python3.10/site-packages/action_demo_pkg/__init__.py to __init__.cpython-310.pyc
[0.437s] byte-compiling /root/ros_ws/tasks/task3/install/action_demo_pkg/lib/python3.10/site-packages/action_demo_pkg/goal_tracker_server.py to goal_tracker_server.cpython-310.pyc
[0.437s] byte-compiling /root/ros_ws/tasks/task3/install/action_demo_pkg/lib/python3.10/site-packages/action_demo_pkg/goal_client.py to goal_client.cpython-310.pyc
[0.438s]   File "/root/ros_ws/tasks/task3/install/action_demo_pkg/lib/python3.10/site-packages/action_demo_pkg/goal_tracker_server.py", line 3
[0.438s]     from geometry_msgs.msg from Point
[0.438s]                            ^^^^
[0.438s] SyntaxError: invalid syntax
[0.438s] 
[0.438s] running install_data
[0.438s] creating /root/ros_ws/tasks/task3/install/action_demo_pkg/share/ament_index
[0.438s] creating /root/ros_ws/tasks/task3/install/action_demo_pkg/share/ament_index/resource_index
[0.438s] creating /root/ros_ws/tasks/task3/install/action_demo_pkg/share/ament_index/resource_index/packages
[0.438s] copying resource/action_demo_pkg -> /root/ros_ws/tasks/task3/install/action_demo_pkg/share/ament_index/resource_index/packages
[0.438s] copying package.xml -> /root/ros_ws/tasks/task3/install/action_demo_pkg/share/action_demo_pkg
[0.438s] running install_egg_info
[0.439s] Copying ../../build/action_demo_pkg/action_demo_pkg.egg-info to /root/ros_ws/tasks/task3/install/action_demo_pkg/lib/python3.10/site-packages/action_demo_pkg-0.0.0-py3.10.egg-info
[0.439s] running install_scripts
[0.451s] Installing test_node_1 script to /root/ros_ws/tasks/task3/install/action_demo_pkg/lib/action_demo_pkg
[0.451s] Installing test_node_2 script to /root/ros_ws/tasks/task3/install/action_demo_pkg/lib/action_demo_pkg
[0.451s] writing list of installed files to '/root/ros_ws/tasks/task3/build/action_demo_pkg/install.log'
[0.464s] Invoked command in '/root/ros_ws/tasks/task3/src/action_demo_pkg' returned '0': PYTHONPATH=/root/ros_ws/tasks/task3/build/action_demo_pkg/prefix_override:/usr/lib/python3/dist-packages/colcon_core/task/python/colcon_distutils_commands:/root/ros_ws/tasks/task3/install/action_demo_pkg/lib/python3.10/site-packages:${PYTHONPATH} /usr/bin/python3 -W ignore:setup.py install is deprecated -W ignore:easy_install command is deprecated setup.py egg_info --egg-base ../../build/action_demo_pkg build --build-base /root/ros_ws/tasks/task3/build/action_demo_pkg/build install --record /root/ros_ws/tasks/task3/build/action_demo_pkg/install.log --single-version-externally-managed install_data
