running egg_info
writing ../../build/robocon_vision_pkg/robocon_vision_pkg.egg-info/PKG-INFO
writing dependency_links to ../../build/robocon_vision_pkg/robocon_vision_pkg.egg-info/dependency_links.txt
writing entry points to ../../build/robocon_vision_pkg/robocon_vision_pkg.egg-info/entry_points.txt
writing requirements to ../../build/robocon_vision_pkg/robocon_vision_pkg.egg-info/requires.txt
writing top-level names to ../../build/robocon_vision_pkg/robocon_vision_pkg.egg-info/top_level.txt
reading manifest file '../../build/robocon_vision_pkg/robocon_vision_pkg.egg-info/SOURCES.txt'
writing manifest file '../../build/robocon_vision_pkg/robocon_vision_pkg.egg-info/SOURCES.txt'
running build
running build_py
copying robocon_vision_pkg/camera_publisher.py -> /root/ros_ws/tasks/task2/build/robocon_vision_pkg/build/lib/robocon_vision_pkg
running install
running install_lib
copying /root/ros_ws/tasks/task2/build/robocon_vision_pkg/build/lib/robocon_vision_pkg/camera_publisher.py -> /root/ros_ws/tasks/task2/install/robocon_vision_pkg/lib/python3.10/site-packages/robocon_vision_pkg
byte-compiling /root/ros_ws/tasks/task2/install/robocon_vision_pkg/lib/python3.10/site-packages/robocon_vision_pkg/camera_publisher.py to camera_publisher.cpython-310.pyc
running install_data
running install_egg_info
removing '/root/ros_ws/tasks/task2/install/robocon_vision_pkg/lib/python3.10/site-packages/robocon_vision_pkg-0.0.0-py3.10.egg-info' (and everything under it)
Copying ../../build/robocon_vision_pkg/robocon_vision_pkg.egg-info to /root/ros_ws/tasks/task2/install/robocon_vision_pkg/lib/python3.10/site-packages/robocon_vision_pkg-0.0.0-py3.10.egg-info
running install_scripts
writing list of installed files to '/root/ros_ws/tasks/task2/build/robocon_vision_pkg/install.log'
