[0.320s] Invoking command in '/root/ros_ws/tasks/task3/src/action_demo_pkg': PYTHONPATH=/root/ros_ws/tasks/task3/build/action_demo_pkg/prefix_override:/usr/lib/python3/dist-packages/colcon_core/task/python/colcon_distutils_commands:/root/ros_ws/tasks/task3/install/action_demo_pkg/lib/python3.10/site-packages:${PYTHONPATH} /usr/bin/python3 -W ignore:setup.py install is deprecated -W ignore:easy_install command is deprecated setup.py egg_info --egg-base ../../build/action_demo_pkg build --build-base /root/ros_ws/tasks/task3/build/action_demo_pkg/build install --record /root/ros_ws/tasks/task3/build/action_demo_pkg/install.log --single-version-externally-managed install_data
[0.451s] running egg_info
[0.452s] writing ../../build/action_demo_pkg/action_demo_pkg.egg-info/PKG-INFO
[0.452s] writing dependency_links to ../../build/action_demo_pkg/action_demo_pkg.egg-info/dependency_links.txt
[0.452s] writing entry points to ../../build/action_demo_pkg/action_demo_pkg.egg-info/entry_points.txt
[0.452s] writing requirements to ../../build/action_demo_pkg/action_demo_pkg.egg-info/requires.txt
[0.452s] writing top-level names to ../../build/action_demo_pkg/action_demo_pkg.egg-info/top_level.txt
[0.453s] reading manifest file '../../build/action_demo_pkg/action_demo_pkg.egg-info/SOURCES.txt'
[0.453s] writing manifest file '../../build/action_demo_pkg/action_demo_pkg.egg-info/SOURCES.txt'
[0.454s] running build
[0.454s] running build_py
[0.454s] copying action_demo_pkg/goal_tracker_server.py -> /root/ros_ws/tasks/task3/build/action_demo_pkg/build/lib/action_demo_pkg
[0.454s] running install
[0.454s] running install_lib
[0.454s] copying /root/ros_ws/tasks/task3/build/action_demo_pkg/build/lib/action_demo_pkg/goal_tracker_server.py -> /root/ros_ws/tasks/task3/install/action_demo_pkg/lib/python3.10/site-packages/action_demo_pkg
[0.455s] byte-compiling /root/ros_ws/tasks/task3/install/action_demo_pkg/lib/python3.10/site-packages/action_demo_pkg/goal_tracker_server.py to goal_tracker_server.cpython-310.pyc
[0.455s] running install_data
[0.455s] running install_egg_info
[0.456s] removing '/root/ros_ws/tasks/task3/install/action_demo_pkg/lib/python3.10/site-packages/action_demo_pkg-0.0.0-py3.10.egg-info' (and everything under it)
[0.456s] Copying ../../build/action_demo_pkg/action_demo_pkg.egg-info to /root/ros_ws/tasks/task3/install/action_demo_pkg/lib/python3.10/site-packages/action_demo_pkg-0.0.0-py3.10.egg-info
[0.456s] running install_scripts
[0.469s] Installing test_node_1 script to /root/ros_ws/tasks/task3/install/action_demo_pkg/lib/action_demo_pkg
[0.469s] Installing test_node_2 script to /root/ros_ws/tasks/task3/install/action_demo_pkg/lib/action_demo_pkg
[0.469s] writing list of installed files to '/root/ros_ws/tasks/task3/build/action_demo_pkg/install.log'
[0.483s] Invoked command in '/root/ros_ws/tasks/task3/src/action_demo_pkg' returned '0': PYTHONPATH=/root/ros_ws/tasks/task3/build/action_demo_pkg/prefix_override:/usr/lib/python3/dist-packages/colcon_core/task/python/colcon_distutils_commands:/root/ros_ws/tasks/task3/install/action_demo_pkg/lib/python3.10/site-packages:${PYTHONPATH} /usr/bin/python3 -W ignore:setup.py install is deprecated -W ignore:easy_install command is deprecated setup.py egg_info --egg-base ../../build/action_demo_pkg build --build-base /root/ros_ws/tasks/task3/build/action_demo_pkg/build install --record /root/ros_ws/tasks/task3/build/action_demo_pkg/install.log --single-version-externally-managed install_data
