[0.327s] Invoking command in '/root/ros_ws/tasks/task2/src/robocon_vision_pkg': PYTHONPATH=/root/ros_ws/tasks/task2/build/robocon_vision_pkg/prefix_override:/usr/lib/python3/dist-packages/colcon_core/task/python/colcon_distutils_commands:/root/ros_ws/tasks/task2/install/robocon_vision_pkg/lib/python3.10/site-packages:${PYTHONPATH} /usr/bin/python3 -W ignore:setup.py install is deprecated -W ignore:easy_install command is deprecated setup.py egg_info --egg-base ../../build/robocon_vision_pkg build --build-base /root/ros_ws/tasks/task2/build/robocon_vision_pkg/build install --record /root/ros_ws/tasks/task2/build/robocon_vision_pkg/install.log --single-version-externally-managed install_data
[0.449s] running egg_info
[0.449s] creating ../../build/robocon_vision_pkg/robocon_vision_pkg.egg-info
[0.449s] writing ../../build/robocon_vision_pkg/robocon_vision_pkg.egg-info/PKG-INFO
[0.449s] writing dependency_links to ../../build/robocon_vision_pkg/robocon_vision_pkg.egg-info/dependency_links.txt
[0.449s] writing entry points to ../../build/robocon_vision_pkg/robocon_vision_pkg.egg-info/entry_points.txt
[0.449s] writing requirements to ../../build/robocon_vision_pkg/robocon_vision_pkg.egg-info/requires.txt
[0.449s] writing top-level names to ../../build/robocon_vision_pkg/robocon_vision_pkg.egg-info/top_level.txt
[0.449s] writing manifest file '../../build/robocon_vision_pkg/robocon_vision_pkg.egg-info/SOURCES.txt'
[0.449s] reading manifest file '../../build/robocon_vision_pkg/robocon_vision_pkg.egg-info/SOURCES.txt'
[0.449s] writing manifest file '../../build/robocon_vision_pkg/robocon_vision_pkg.egg-info/SOURCES.txt'
[0.449s] running build
[0.450s] running build_py
[0.450s] creating /root/ros_ws/tasks/task2/build/robocon_vision_pkg/build
[0.450s] creating /root/ros_ws/tasks/task2/build/robocon_vision_pkg/build/lib
[0.450s] creating /root/ros_ws/tasks/task2/build/robocon_vision_pkg/build/lib/robocon_vision_pkg
[0.450s] copying robocon_vision_pkg/__init__.py -> /root/ros_ws/tasks/task2/build/robocon_vision_pkg/build/lib/robocon_vision_pkg
[0.450s] copying robocon_vision_pkg/camera_publisher.py -> /root/ros_ws/tasks/task2/build/robocon_vision_pkg/build/lib/robocon_vision_pkg
[0.450s] running install
[0.450s] running install_lib
[0.450s] creating /root/ros_ws/tasks/task2/install/robocon_vision_pkg/lib/python3.10/site-packages/robocon_vision_pkg
[0.450s] copying /root/ros_ws/tasks/task2/build/robocon_vision_pkg/build/lib/robocon_vision_pkg/__init__.py -> /root/ros_ws/tasks/task2/install/robocon_vision_pkg/lib/python3.10/site-packages/robocon_vision_pkg
[0.450s] copying /root/ros_ws/tasks/task2/build/robocon_vision_pkg/build/lib/robocon_vision_pkg/camera_publisher.py -> /root/ros_ws/tasks/task2/install/robocon_vision_pkg/lib/python3.10/site-packages/robocon_vision_pkg
[0.450s] byte-compiling /root/ros_ws/tasks/task2/install/robocon_vision_pkg/lib/python3.10/site-packages/robocon_vision_pkg/__init__.py to __init__.cpython-310.pyc
[0.450s] byte-compiling /root/ros_ws/tasks/task2/install/robocon_vision_pkg/lib/python3.10/site-packages/robocon_vision_pkg/camera_publisher.py to camera_publisher.cpython-310.pyc
[0.451s] running install_data
[0.451s] creating /root/ros_ws/tasks/task2/install/robocon_vision_pkg/share/ament_index
[0.451s] creating /root/ros_ws/tasks/task2/install/robocon_vision_pkg/share/ament_index/resource_index
[0.451s] creating /root/ros_ws/tasks/task2/install/robocon_vision_pkg/share/ament_index/resource_index/packages
[0.451s] copying resource/robocon_vision_pkg -> /root/ros_ws/tasks/task2/install/robocon_vision_pkg/share/ament_index/resource_index/packages
[0.451s] copying package.xml -> /root/ros_ws/tasks/task2/install/robocon_vision_pkg/share/robocon_vision_pkg
[0.451s] running install_egg_info
[0.451s]   File "/root/ros_ws/tasks/task2/install/robocon_vision_pkg/lib/python3.10/site-packages/robocon_vision_pkg/camera_publisher.py", line 26
[0.451s]     			break
[0.451s]     			^^^^^
[0.451s] SyntaxError: 'break' outside loop
[0.451s] 
[0.451s] Copying ../../build/robocon_vision_pkg/robocon_vision_pkg.egg-info to /root/ros_ws/tasks/task2/install/robocon_vision_pkg/lib/python3.10/site-packages/robocon_vision_pkg-0.0.0-py3.10.egg-info
[0.452s] running install_scripts
[0.463s] writing list of installed files to '/root/ros_ws/tasks/task2/build/robocon_vision_pkg/install.log'
[0.476s] Invoked command in '/root/ros_ws/tasks/task2/src/robocon_vision_pkg' returned '0': PYTHONPATH=/root/ros_ws/tasks/task2/build/robocon_vision_pkg/prefix_override:/usr/lib/python3/dist-packages/colcon_core/task/python/colcon_distutils_commands:/root/ros_ws/tasks/task2/install/robocon_vision_pkg/lib/python3.10/site-packages:${PYTHONPATH} /usr/bin/python3 -W ignore:setup.py install is deprecated -W ignore:easy_install command is deprecated setup.py egg_info --egg-base ../../build/robocon_vision_pkg build --build-base /root/ros_ws/tasks/task2/build/robocon_vision_pkg/build install --record /root/ros_ws/tasks/task2/build/robocon_vision_pkg/install.log --single-version-externally-managed install_data
