running egg_info
writing ../../build/sesnor_pipeline_pkg/sesnor_pipeline_pkg.egg-info/PKG-INFO
writing dependency_links to ../../build/sesnor_pipeline_pkg/sesnor_pipeline_pkg.egg-info/dependency_links.txt
writing entry points to ../../build/sesnor_pipeline_pkg/sesnor_pipeline_pkg.egg-info/entry_points.txt
writing requirements to ../../build/sesnor_pipeline_pkg/sesnor_pipeline_pkg.egg-info/requires.txt
writing top-level names to ../../build/sesnor_pipeline_pkg/sesnor_pipeline_pkg.egg-info/top_level.txt
reading manifest file '../../build/sesnor_pipeline_pkg/sesnor_pipeline_pkg.egg-info/SOURCES.txt'
writing manifest file '../../build/sesnor_pipeline_pkg/sesnor_pipeline_pkg.egg-info/SOURCES.txt'
running build
running build_py
running install
running install_lib
running install_data
creating /root/ros_ws/tasks/install/sesnor_pipeline_pkg/share/sesnor_pipeline_pkg/launch
copying launch/sesnor_pipeline_pkg.launch.py -> /root/ros_ws/tasks/install/sesnor_pipeline_pkg/share/sesnor_pipeline_pkg/launch
running install_egg_info
removing '/root/ros_ws/tasks/install/sesnor_pipeline_pkg/lib/python3.10/site-packages/sesnor_pipeline_pkg-0.0.0-py3.10.egg-info' (and everything under it)
Copying ../../build/sesnor_pipeline_pkg/sesnor_pipeline_pkg.egg-info to /root/ros_ws/tasks/install/sesnor_pipeline_pkg/lib/python3.10/site-packages/sesnor_pipeline_pkg-0.0.0-py3.10.egg-info
running install_scripts
Installing test_node script to /root/ros_ws/tasks/install/sesnor_pipeline_pkg/lib/sesnor_pipeline_pkg
Installing test_node_2 script to /root/ros_ws/tasks/install/sesnor_pipeline_pkg/lib/sesnor_pipeline_pkg
Installing test_node_3 script to /root/ros_ws/tasks/install/sesnor_pipeline_pkg/lib/sesnor_pipeline_pkg
writing list of installed files to '/root/ros_ws/tasks/build/sesnor_pipeline_pkg/install.log'
