running egg_info
creating ../../build/sesnor_pipeline_pkg/sesnor_pipeline_pkg.egg-info
writing ../../build/sesnor_pipeline_pkg/sesnor_pipeline_pkg.egg-info/PKG-INFO
writing dependency_links to ../../build/sesnor_pipeline_pkg/sesnor_pipeline_pkg.egg-info/dependency_links.txt
writing entry points to ../../build/sesnor_pipeline_pkg/sesnor_pipeline_pkg.egg-info/entry_points.txt
writing requirements to ../../build/sesnor_pipeline_pkg/sesnor_pipeline_pkg.egg-info/requires.txt
writing top-level names to ../../build/sesnor_pipeline_pkg/sesnor_pipeline_pkg.egg-info/top_level.txt
writing manifest file '../../build/sesnor_pipeline_pkg/sesnor_pipeline_pkg.egg-info/SOURCES.txt'
reading manifest file '../../build/sesnor_pipeline_pkg/sesnor_pipeline_pkg.egg-info/SOURCES.txt'
writing manifest file '../../build/sesnor_pipeline_pkg/sesnor_pipeline_pkg.egg-info/SOURCES.txt'
running build
running build_py
creating /root/ros_ws/tasks/build/sesnor_pipeline_pkg/build
creating /root/ros_ws/tasks/build/sesnor_pipeline_pkg/build/lib
creating /root/ros_ws/tasks/build/sesnor_pipeline_pkg/build/lib/sesnor_pipeline_pkg
copying sesnor_pipeline_pkg/__init__.py -> /root/ros_ws/tasks/build/sesnor_pipeline_pkg/build/lib/sesnor_pipeline_pkg
copying sesnor_pipeline_pkg/sensor_node.py -> /root/ros_ws/tasks/build/sesnor_pipeline_pkg/build/lib/sesnor_pipeline_pkg
running install
running install_lib
creating /root/ros_ws/tasks/install/sesnor_pipeline_pkg/lib/python3.10/site-packages/sesnor_pipeline_pkg
copying /root/ros_ws/tasks/build/sesnor_pipeline_pkg/build/lib/sesnor_pipeline_pkg/__init__.py -> /root/ros_ws/tasks/install/sesnor_pipeline_pkg/lib/python3.10/site-packages/sesnor_pipeline_pkg
copying /root/ros_ws/tasks/build/sesnor_pipeline_pkg/build/lib/sesnor_pipeline_pkg/sensor_node.py -> /root/ros_ws/tasks/install/sesnor_pipeline_pkg/lib/python3.10/site-packages/sesnor_pipeline_pkg
byte-compiling /root/ros_ws/tasks/install/sesnor_pipeline_pkg/lib/python3.10/site-packages/sesnor_pipeline_pkg/__init__.py to __init__.cpython-310.pyc
byte-compiling /root/ros_ws/tasks/install/sesnor_pipeline_pkg/lib/python3.10/site-packages/sesnor_pipeline_pkg/sensor_node.py to sensor_node.cpython-310.pyc
running install_data
creating /root/ros_ws/tasks/install/sesnor_pipeline_pkg/share/ament_index
creating /root/ros_ws/tasks/install/sesnor_pipeline_pkg/share/ament_index/resource_index
creating /root/ros_ws/tasks/install/sesnor_pipeline_pkg/share/ament_index/resource_index/packages
copying resource/sesnor_pipeline_pkg -> /root/ros_ws/tasks/install/sesnor_pipeline_pkg/share/ament_index/resource_index/packages
copying package.xml -> /root/ros_ws/tasks/install/sesnor_pipeline_pkg/share/sesnor_pipeline_pkg
running install_egg_info
Copying ../../build/sesnor_pipeline_pkg/sesnor_pipeline_pkg.egg-info to /root/ros_ws/tasks/install/sesnor_pipeline_pkg/lib/python3.10/site-packages/sesnor_pipeline_pkg-0.0.0-py3.10.egg-info
running install_scripts
writing list of installed files to '/root/ros_ws/tasks/build/sesnor_pipeline_pkg/install.log'
